<?xml version="1.0" encoding="UTF-8"?>
<!-- Generated by org.testng.reporters.JUnitReportReporter -->
<testsuite hostname="TDhande" failures="0" tests="1" name="com.orange.hrm.test.HomePageTest" time="2.519" errors="0" timestamp="2025-05-29T13:18:12 IST" skipped="0">
  <testcase classname="com.orange.hrm.test.HomePageTest" name="logout" time="2.519"/>
</testsuite> <!-- com.orange.hrm.test.HomePageTest -->
