<?xml version="1.0" encoding="UTF-8"?>
<!-- Generated by org.testng.reporters.JUnitReportReporter -->
<testsuite hostname="TDhande" failures="0" tests="3" name="pom.test.OrangehrmTest" time="10.516" errors="0" timestamp="2025-05-21T12:25:27 IST" skipped="0">
  <testcase classname="pom.test.OrangehrmTest" name="loginToApplication" time="6.428"/>
  <testcase classname="pom.test.OrangehrmTest" name="testAdmin" time="3.053"/>
  <testcase classname="pom.test.OrangehrmTest" name="logout" time="1.035"/>
</testsuite> <!-- pom.test.OrangehrmTest -->
